2019-04-01 18:00:15.739  INFO 22928 --- [main] com.example.MybaitPractice1Application   : Starting MybaitPractice1Application on DESKTOP-7BB5AQP with PID 22928 (D:\DELL\eclipse-work\FindBook\target\classes started by DELL in D:\DELL\eclipse-work\FindBook)
2019-04-01 18:00:15.742  INFO 22928 --- [main] com.example.MybaitPractice1Application   : The following profiles are active: dev
2019-04-01 18:00:16.338  INFO 22928 --- [main] .s.d.r.c.RepositoryConfigurationDelegate : Bootstrapping Spring Data repositories in DEFAULT mode.
2019-04-01 18:00:16.357  INFO 22928 --- [main] .s.d.r.c.RepositoryConfigurationDelegate : Finished Spring Data repository scanning in 13ms. Found 0 repository interfaces.
2019-04-01 18:00:16.642  INFO 22928 --- [main] trationDelegate$BeanPostProcessorChecker : Bean 'org.springframework.transaction.annotation.ProxyTransactionManagementConfiguration' of type [org.springframework.transaction.annotation.ProxyTransactionManagementConfiguration$$EnhancerBySpringCGLIB$$4c75b97c] is not eligible for getting processed by all BeanPostProcessors (for example: not eligible for auto-proxying)
2019-04-01 18:00:16.946  INFO 22928 --- [main] o.s.b.w.embedded.tomcat.TomcatWebServer  : Tomcat initialized with port(s): 8080 (http)
2019-04-01 18:00:16.968  INFO 22928 --- [main] o.apache.catalina.core.StandardService   : Starting service [Tomcat]
2019-04-01 18:00:16.968  INFO 22928 --- [main] org.apache.catalina.core.StandardEngine  : Starting Servlet engine: [Apache Tomcat/9.0.16]
2019-04-01 18:00:16.975  INFO 22928 --- [main] o.a.catalina.core.AprLifecycleListener   : An older version [1.2.17] of the APR based Apache Tomcat Native library is installed, while Tomcat recommends a minimum version of [1.2.21]
2019-04-01 18:00:16.975  INFO 22928 --- [main] o.a.catalina.core.AprLifecycleListener   : Loaded APR based Apache Tomcat Native library [1.2.17] using APR version [1.6.3].
2019-04-01 18:00:16.975  INFO 22928 --- [main] o.a.catalina.core.AprLifecycleListener   : APR capabilities: IPv6 [true], sendfile [true], accept filters [false], random [true].
2019-04-01 18:00:16.976  INFO 22928 --- [main] o.a.catalina.core.AprLifecycleListener   : APR/OpenSSL configuration: useAprConnector [false], useOpenSSL [true]
2019-04-01 18:00:18.071  INFO 22928 --- [main] o.a.catalina.core.AprLifecycleListener   : OpenSSL successfully initialized [OpenSSL 1.0.2o  27 Mar 2018]
2019-04-01 18:00:18.202  INFO 22928 --- [main] o.a.c.c.C.[Tomcat].[localhost].[/]       : Initializing Spring embedded WebApplicationContext
2019-04-01 18:00:18.202  INFO 22928 --- [main] o.s.web.context.ContextLoader            : Root WebApplicationContext: initialization completed in 2425 ms
2019-04-01 18:00:18.357  INFO 22928 --- [main] com.zaxxer.hikari.HikariDataSource       : HikariPool-1 - Starting...
2019-04-01 18:00:18.493  INFO 22928 --- [main] com.zaxxer.hikari.HikariDataSource       : HikariPool-1 - Start completed.
2019-04-01 18:00:18.543  INFO 22928 --- [main] o.hibernate.jpa.internal.util.LogHelper  : HHH000204: Processing PersistenceUnitInfo [
	name: default
	...]
2019-04-01 18:00:18.686  INFO 22928 --- [main] org.hibernate.Version                    : HHH000412: Hibernate Core {5.3.7.Final}
2019-04-01 18:00:18.687  INFO 22928 --- [main] org.hibernate.cfg.Environment            : HHH000206: hibernate.properties not found
2019-04-01 18:00:18.798  INFO 22928 --- [main] o.hibernate.annotations.common.Version   : HCANN000001: Hibernate Commons Annotations {5.0.4.Final}
2019-04-01 18:00:18.914  INFO 22928 --- [main] org.hibernate.dialect.Dialect            : HHH000400: Using dialect: org.hibernate.dialect.MySQL5Dialect
2019-04-01 18:00:19.070  INFO 22928 --- [main] j.LocalContainerEntityManagerFactoryBean : Initialized JPA EntityManagerFactory for persistence unit 'default'
2019-04-01 18:00:19.419  INFO 22928 --- [main] o.s.s.concurrent.ThreadPoolTaskExecutor  : Initializing ExecutorService 'applicationTaskExecutor'
2019-04-01 18:00:19.455  WARN 22928 --- [main] aWebConfiguration$JpaWebMvcConfiguration : spring.jpa.open-in-view is enabled by default. Therefore, database queries may be performed during view rendering. Explicitly configure spring.jpa.open-in-view to disable this warning
2019-04-01 18:00:19.648  INFO 22928 --- [main] o.s.b.w.embedded.tomcat.TomcatWebServer  : Tomcat started on port(s): 8080 (http) with context path ''
2019-04-01 18:00:19.651  INFO 22928 --- [main] com.example.MybaitPractice1Application   : Started MybaitPractice1Application in 4.367 seconds (JVM running for 5.45)
2019-04-01 18:00:56.611  INFO 22928 --- [RMI TCP Connection(2)-127.0.0.1] inMXBeanRegistrar$SpringApplicationAdmin : Application shutdown requested.
2019-04-01 18:00:56.615  INFO 22928 --- [RMI TCP Connection(2)-127.0.0.1] o.s.s.concurrent.ThreadPoolTaskExecutor  : Shutting down ExecutorService 'applicationTaskExecutor'
2019-04-01 18:00:56.616  INFO 22928 --- [RMI TCP Connection(2)-127.0.0.1] j.LocalContainerEntityManagerFactoryBean : Closing JPA EntityManagerFactory for persistence unit 'default'
2019-04-01 18:00:56.618  INFO 22928 --- [RMI TCP Connection(2)-127.0.0.1] com.zaxxer.hikari.HikariDataSource       : HikariPool-1 - Shutdown initiated...
2019-04-01 18:00:56.628  INFO 22928 --- [RMI TCP Connection(2)-127.0.0.1] com.zaxxer.hikari.HikariDataSource       : HikariPool-1 - Shutdown completed.
